0 info it worked if it ends with ok
1 verbose cli [ '/usr/bin/node', '/usr/bin/npm', 'run', 'test:integration' ]
2 info using npm@2.15.10
3 info using node@v4.5.0
4 verbose run-script [ 'pretest:integration',
4 verbose run-script   'test:integration',
4 verbose run-script   'posttest:integration' ]
5 info pretest:integration @jcoreio/graphql-sequelize@0.0.0-development
6 info test:integration @jcoreio/graphql-sequelize@0.0.0-development
7 verbose unsafe-perm in lifecycle true
8 info @jcoreio/graphql-sequelize@0.0.0-development Failed to exec test:integration script
9 verbose stack Error: @jcoreio/graphql-sequelize@0.0.0-development test:integration: `mocha $npm_package_options_mocha test/integration/*.test.js test/integration/**/*.test.js`
9 verbose stack Exit status 1
9 verbose stack     at EventEmitter.<anonymous> (/usr/lib/node_modules/npm/lib/utils/lifecycle.js:217:16)
9 verbose stack     at emitTwo (events.js:87:13)
9 verbose stack     at EventEmitter.emit (events.js:172:7)
9 verbose stack     at ChildProcess.<anonymous> (/usr/lib/node_modules/npm/lib/utils/spawn.js:24:14)
9 verbose stack     at emitTwo (events.js:87:13)
9 verbose stack     at ChildProcess.emit (events.js:172:7)
9 verbose stack     at maybeClose (internal/child_process.js:829:16)
9 verbose stack     at Process.ChildProcess._handle.onexit (internal/child_process.js:211:5)
10 verbose pkgid @jcoreio/graphql-sequelize@0.0.0-development
11 verbose cwd /src/graphql-sequelize
12 error Linux 4.19.121-linuxkit
13 error argv "/usr/bin/node" "/usr/bin/npm" "run" "test:integration"
14 error node v4.5.0
15 error npm  v2.15.10
16 error code ELIFECYCLE
17 error @jcoreio/graphql-sequelize@0.0.0-development test:integration: `mocha $npm_package_options_mocha test/integration/*.test.js test/integration/**/*.test.js`
17 error Exit status 1
18 error Failed at the @jcoreio/graphql-sequelize@0.0.0-development test:integration script 'mocha $npm_package_options_mocha test/integration/*.test.js test/integration/**/*.test.js'.
18 error This is most likely a problem with the @jcoreio/graphql-sequelize package,
18 error not with npm itself.
18 error Tell the author that this fails on your system:
18 error     mocha $npm_package_options_mocha test/integration/*.test.js test/integration/**/*.test.js
18 error You can get information on how to open an issue for this project with:
18 error     npm bugs @jcoreio/graphql-sequelize
18 error Or if that isn't available, you can get their info via:
18 error
18 error     npm owner ls @jcoreio/graphql-sequelize
18 error There is likely additional logging output above.
19 verbose exit [ 1, true ]
